<?xml version="1.0" encoding="UTF-8"?>
<coverage generated="1644414088822" clover="3.2.0">
  <project timestamp="1644414088822" name="All files">
    <metrics statements="30" coveredstatements="14" conditionals="4" coveredconditionals="2" methods="11" coveredmethods="2" elements="45" coveredelements="18" complexity="0" loc="30" ncloc="30" packages="2" files="2" classes="2"/>
    <package name="topics">
      <metrics statements="23" coveredstatements="7" conditionals="2" coveredconditionals="0" methods="10" coveredmethods="1"/>
      <file name="debouncer.js" path="/home/sam/code/advanced-js-topics/src/topics/debouncer.js">
        <metrics statements="23" coveredstatements="7" conditionals="2" coveredconditionals="0" methods="10" coveredmethods="1"/>
        <line num="9" count="1" type="stmt"/>
        <line num="12" count="1" type="stmt"/>
        <line num="14" count="2" type="stmt"/>
        <line num="17" count="1" type="stmt"/>
        <line num="18" count="0" type="stmt"/>
        <line num="19" count="0" type="stmt"/>
        <line num="23" count="0" type="stmt"/>
        <line num="27" count="0" type="stmt"/>
        <line num="30" count="0" type="cond" truecount="0" falsecount="2"/>
        <line num="31" count="0" type="stmt"/>
        <line num="35" count="0" type="stmt"/>
        <line num="37" count="0" type="stmt"/>
        <line num="39" count="0" type="stmt"/>
        <line num="40" count="0" type="stmt"/>
        <line num="45" count="0" type="stmt"/>
        <line num="51" count="1" type="stmt"/>
        <line num="55" count="0" type="stmt"/>
        <line num="56" count="0" type="stmt"/>
        <line num="59" count="0" type="stmt"/>
        <line num="62" count="0" type="stmt"/>
        <line num="68" count="1" type="stmt"/>
        <line num="70" count="0" type="stmt"/>
        <line num="73" count="1" type="stmt"/>
      </file>
    </package>
    <package name="topics.helpers">
      <metrics statements="7" coveredstatements="7" conditionals="2" coveredconditionals="2" methods="1" coveredmethods="1"/>
      <file name="swapiApiCall.js" path="/home/sam/code/advanced-js-topics/src/topics/helpers/swapiApiCall.js">
        <metrics statements="7" coveredstatements="7" conditionals="2" coveredconditionals="2" methods="1" coveredmethods="1"/>
        <line num="2" count="1" type="stmt"/>
        <line num="3" count="2" type="stmt"/>
        <line num="5" count="2" type="cond" truecount="2" falsecount="0"/>
        <line num="6" count="1" type="stmt"/>
        <line num="11" count="1" type="stmt"/>
        <line num="13" count="1" type="stmt"/>
        <line num="17" count="1" type="stmt"/>
      </file>
    </package>
  </project>
</coverage>
