{"/home/sam/code/advanced-js-topics/src/topics/debouncer.js": {"path":"/home/sam/code/advanced-js-topics/src/topics/debouncer.js","statementMap":{"0":{"start":{"line":9,"column":21},"end":{"line":9,"column":54}},"1":{"start":{"line":12,"column":26},"end":{"line":15,"column":1}},"2":{"start":{"line":14,"column":2},"end":{"line":14,"column":39}},"3":{"start":{"line":17,"column":30},"end":{"line":49,"column":1}},"4":{"start":{"line":18,"column":19},"end":{"line":18,"column":64}},"5":{"start":{"line":19,"column":26},"end":{"line":19,"column":71}},"6":{"start":{"line":23,"column":2},"end":{"line":48,"column":4}},"7":{"start":{"line":27,"column":27},"end":{"line":27,"column":46}},"8":{"start":{"line":30,"column":6},"end":{"line":32,"column":7}},"9":{"start":{"line":31,"column":8},"end":{"line":31,"column":41}},"10":{"start":{"line":35,"column":6},"end":{"line":46,"column":11}},"11":{"start":{"line":37,"column":23},"end":{"line":37,"column":44}},"12":{"start":{"line":39,"column":10},"end":{"line":42,"column":13}},"13":{"start":{"line":40,"column":12},"end":{"line":41,"column":66}},"14":{"start":{"line":45,"column":10},"end":{"line":45,"column":56}},"15":{"start":{"line":51,"column":25},"end":{"line":64,"column":1}},"16":{"start":{"line":55,"column":2},"end":{"line":63,"column":4}},"17":{"start":{"line":56,"column":29},"end":{"line":56,"column":33}},"18":{"start":{"line":59,"column":4},"end":{"line":59,"column":26}},"19":{"start":{"line":62,"column":4},"end":{"line":62,"column":78}},"20":{"start":{"line":62,"column":31},"end":{"line":62,"column":69}},"21":{"start":{"line":68,"column":0},"end":{"line":71,"column":3}},"22":{"start":{"line":70,"column":2},"end":{"line":70,"column":26}},"23":{"start":{"line":73,"column":0},"end":{"line":73,"column":76}}},"fnMap":{"0":{"name":"(anonymous_0)","decl":{"start":{"line":12,"column":26},"end":{"line":12,"column":27}},"loc":{"start":{"line":12,"column":32},"end":{"line":15,"column":1}},"line":12},"1":{"name":"(anonymous_1)","decl":{"start":{"line":17,"column":30},"end":{"line":17,"column":31}},"loc":{"start":{"line":17,"column":36},"end":{"line":49,"column":1}},"line":17},"2":{"name":"(anonymous_2)","decl":{"start":{"line":25,"column":21},"end":{"line":25,"column":22}},"loc":{"start":{"line":25,"column":27},"end":{"line":47,"column":5}},"line":25},"3":{"name":"(anonymous_3)","decl":{"start":{"line":36,"column":14},"end":{"line":36,"column":15}},"loc":{"start":{"line":36,"column":28},"end":{"line":43,"column":9}},"line":36},"4":{"name":"(anonymous_4)","decl":{"start":{"line":39,"column":19},"end":{"line":39,"column":20}},"loc":{"start":{"line":39,"column":28},"end":{"line":42,"column":11}},"line":39},"5":{"name":"(anonymous_5)","decl":{"start":{"line":44,"column":15},"end":{"line":44,"column":16}},"loc":{"start":{"line":44,"column":26},"end":{"line":46,"column":9}},"line":44},"6":{"name":"(anonymous_6)","decl":{"start":{"line":51,"column":25},"end":{"line":51,"column":26}},"loc":{"start":{"line":51,"column":46},"end":{"line":64,"column":1}},"line":51},"7":{"name":"(anonymous_7)","decl":{"start":{"line":55,"column":9},"end":{"line":55,"column":10}},"loc":{"start":{"line":55,"column":22},"end":{"line":63,"column":3}},"line":55},"8":{"name":"(anonymous_8)","decl":{"start":{"line":62,"column":25},"end":{"line":62,"column":26}},"loc":{"start":{"line":62,"column":31},"end":{"line":62,"column":69}},"line":62},"9":{"name":"(anonymous_9)","decl":{"start":{"line":68,"column":46},"end":{"line":68,"column":47}},"loc":{"start":{"line":68,"column":58},"end":{"line":71,"column":1}},"line":68}},"branchMap":{"0":{"loc":{"start":{"line":30,"column":6},"end":{"line":32,"column":7}},"type":"if","locations":[{"start":{"line":30,"column":6},"end":{"line":32,"column":7}},{"start":{},"end":{}}],"line":30}},"s":{"0":1,"1":1,"2":2,"3":1,"4":0,"5":0,"6":0,"7":0,"8":0,"9":0,"10":0,"11":0,"12":0,"13":0,"14":0,"15":1,"16":0,"17":0,"18":0,"19":0,"20":0,"21":1,"22":0,"23":1},"f":{"0":2,"1":0,"2":0,"3":0,"4":0,"5":0,"6":0,"7":0,"8":0,"9":0},"b":{"0":[0,0]},"_coverageSchema":"1a1c01bbd47fc00a2c39e90264f33305004495a9","hash":"f97e0053a0afa5fdae61e838fecd698de0f17cb4"}
,"/home/sam/code/advanced-js-topics/src/topics/helpers/swapiApiCall.js": {"path":"/home/sam/code/advanced-js-topics/src/topics/helpers/swapiApiCall.js","statementMap":{"0":{"start":{"line":2,"column":21},"end":{"line":14,"column":1}},"1":{"start":{"line":3,"column":19},"end":{"line":3,"column":69}},"2":{"start":{"line":5,"column":2},"end":{"line":7,"column":3}},"3":{"start":{"line":6,"column":4},"end":{"line":6,"column":47}},"4":{"start":{"line":11,"column":25},"end":{"line":11,"column":46}},"5":{"start":{"line":13,"column":2},"end":{"line":13,"column":24}},"6":{"start":{"line":17,"column":0},"end":{"line":17,"column":30}}},"fnMap":{"0":{"name":"(anonymous_0)","decl":{"start":{"line":2,"column":21},"end":{"line":2,"column":22}},"loc":{"start":{"line":2,"column":35},"end":{"line":14,"column":1}},"line":2}},"branchMap":{"0":{"loc":{"start":{"line":5,"column":2},"end":{"line":7,"column":3}},"type":"if","locations":[{"start":{"line":5,"column":2},"end":{"line":7,"column":3}},{"start":{},"end":{}}],"line":5}},"s":{"0":1,"1":2,"2":2,"3":1,"4":1,"5":1,"6":1},"f":{"0":2},"b":{"0":[1,1]},"_coverageSchema":"1a1c01bbd47fc00a2c39e90264f33305004495a9","hash":"3857a4a2f5d98698d4c1b1196e134b2f30b8329e"}
}
