{"/home/sam/code/advanced-js-topics/src/topics/debouncer.js": {"path":"/home/sam/code/advanced-js-topics/src/topics/debouncer.js","statementMap":{"0":{"start":{"line":11,"column":21},"end":{"line":23,"column":1}},"1":{"start":{"line":12,"column":19},"end":{"line":12,"column":69}},"2":{"start":{"line":14,"column":2},"end":{"line":16,"column":3}},"3":{"start":{"line":15,"column":4},"end":{"line":15,"column":47}},"4":{"start":{"line":20,"column":25},"end":{"line":20,"column":46}},"5":{"start":{"line":22,"column":2},"end":{"line":22,"column":24}},"6":{"start":{"line":26,"column":26},"end":{"line":29,"column":1}},"7":{"start":{"line":28,"column":2},"end":{"line":28,"column":39}},"8":{"start":{"line":31,"column":30},"end":{"line":64,"column":1}},"9":{"start":{"line":32,"column":19},"end":{"line":32,"column":64}},"10":{"start":{"line":33,"column":26},"end":{"line":33,"column":71}},"11":{"start":{"line":37,"column":2},"end":{"line":63,"column":4}},"12":{"start":{"line":41,"column":27},"end":{"line":41,"column":46}},"13":{"start":{"line":44,"column":6},"end":{"line":46,"column":7}},"14":{"start":{"line":45,"column":8},"end":{"line":45,"column":41}},"15":{"start":{"line":49,"column":6},"end":{"line":61,"column":11}},"16":{"start":{"line":51,"column":23},"end":{"line":51,"column":44}},"17":{"start":{"line":53,"column":10},"end":{"line":57,"column":13}},"18":{"start":{"line":54,"column":12},"end":{"line":54,"column":40}},"19":{"start":{"line":55,"column":12},"end":{"line":56,"column":66}},"20":{"start":{"line":60,"column":10},"end":{"line":60,"column":56}},"21":{"start":{"line":66,"column":25},"end":{"line":79,"column":1}},"22":{"start":{"line":70,"column":2},"end":{"line":78,"column":4}},"23":{"start":{"line":71,"column":29},"end":{"line":71,"column":33}},"24":{"start":{"line":74,"column":4},"end":{"line":74,"column":26}},"25":{"start":{"line":77,"column":4},"end":{"line":77,"column":78}},"26":{"start":{"line":77,"column":31},"end":{"line":77,"column":69}},"27":{"start":{"line":83,"column":0},"end":{"line":86,"column":3}},"28":{"start":{"line":85,"column":2},"end":{"line":85,"column":26}},"29":{"start":{"line":88,"column":0},"end":{"line":88,"column":53}}},"fnMap":{"0":{"name":"(anonymous_0)","decl":{"start":{"line":11,"column":21},"end":{"line":11,"column":22}},"loc":{"start":{"line":11,"column":35},"end":{"line":23,"column":1}},"line":11},"1":{"name":"(anonymous_1)","decl":{"start":{"line":26,"column":26},"end":{"line":26,"column":27}},"loc":{"start":{"line":26,"column":32},"end":{"line":29,"column":1}},"line":26},"2":{"name":"(anonymous_2)","decl":{"start":{"line":31,"column":30},"end":{"line":31,"column":31}},"loc":{"start":{"line":31,"column":36},"end":{"line":64,"column":1}},"line":31},"3":{"name":"(anonymous_3)","decl":{"start":{"line":39,"column":21},"end":{"line":39,"column":22}},"loc":{"start":{"line":39,"column":27},"end":{"line":62,"column":5}},"line":39},"4":{"name":"(anonymous_4)","decl":{"start":{"line":50,"column":14},"end":{"line":50,"column":15}},"loc":{"start":{"line":50,"column":28},"end":{"line":58,"column":9}},"line":50},"5":{"name":"(anonymous_5)","decl":{"start":{"line":53,"column":19},"end":{"line":53,"column":20}},"loc":{"start":{"line":53,"column":28},"end":{"line":57,"column":11}},"line":53},"6":{"name":"(anonymous_6)","decl":{"start":{"line":59,"column":15},"end":{"line":59,"column":16}},"loc":{"start":{"line":59,"column":26},"end":{"line":61,"column":9}},"line":59},"7":{"name":"(anonymous_7)","decl":{"start":{"line":66,"column":25},"end":{"line":66,"column":26}},"loc":{"start":{"line":66,"column":46},"end":{"line":79,"column":1}},"line":66},"8":{"name":"(anonymous_8)","decl":{"start":{"line":70,"column":9},"end":{"line":70,"column":10}},"loc":{"start":{"line":70,"column":22},"end":{"line":78,"column":3}},"line":70},"9":{"name":"(anonymous_9)","decl":{"start":{"line":77,"column":25},"end":{"line":77,"column":26}},"loc":{"start":{"line":77,"column":31},"end":{"line":77,"column":69}},"line":77},"10":{"name":"(anonymous_10)","decl":{"start":{"line":83,"column":46},"end":{"line":83,"column":47}},"loc":{"start":{"line":83,"column":58},"end":{"line":86,"column":1}},"line":83}},"branchMap":{"0":{"loc":{"start":{"line":14,"column":2},"end":{"line":16,"column":3}},"type":"if","locations":[{"start":{"line":14,"column":2},"end":{"line":16,"column":3}},{"start":{},"end":{}}],"line":14},"1":{"loc":{"start":{"line":44,"column":6},"end":{"line":46,"column":7}},"type":"if","locations":[{"start":{"line":44,"column":6},"end":{"line":46,"column":7}},{"start":{},"end":{}}],"line":44}},"s":{"0":1,"1":2,"2":2,"3":1,"4":1,"5":1,"6":1,"7":2,"8":1,"9":0,"10":0,"11":0,"12":0,"13":0,"14":0,"15":0,"16":0,"17":0,"18":0,"19":0,"20":0,"21":1,"22":0,"23":0,"24":0,"25":0,"26":0,"27":1,"28":0,"29":1},"f":{"0":2,"1":2,"2":0,"3":0,"4":0,"5":0,"6":0,"7":0,"8":0,"9":0,"10":0},"b":{"0":[1,1],"1":[0,0]},"_coverageSchema":"1a1c01bbd47fc00a2c39e90264f33305004495a9","hash":"bcd4d721b0f7b512f830e91d5ddcfa8f15d95d20"}
}
