TN:
SF:src/topics/debouncer.js
FN:11,(anonymous_0)
FN:26,(anonymous_1)
FN:31,(anonymous_2)
FN:39,(anonymous_3)
FN:50,(anonymous_4)
FN:53,(anonymous_5)
FN:59,(anonymous_6)
FN:66,(anonymous_7)
FN:70,(anonymous_8)
FN:77,(anonymous_9)
FN:83,(anonymous_10)
FNF:11
FNH:2
FNDA:2,(anonymous_0)
FNDA:2,(anonymous_1)
FNDA:0,(anonymous_2)
FNDA:0,(anonymous_3)
FNDA:0,(anonymous_4)
FNDA:0,(anonymous_5)
FNDA:0,(anonymous_6)
FNDA:0,(anonymous_7)
FNDA:0,(anonymous_8)
FNDA:0,(anonymous_9)
FNDA:0,(anonymous_10)
DA:11,1
DA:12,2
DA:14,2
DA:15,1
DA:20,1
DA:22,1
DA:26,1
DA:28,2
DA:31,1
DA:32,0
DA:33,0
DA:37,0
DA:41,0
DA:44,0
DA:45,0
DA:49,0
DA:51,0
DA:53,0
DA:54,0
DA:55,0
DA:60,0
DA:66,1
DA:70,0
DA:71,0
DA:74,0
DA:77,0
DA:83,1
DA:85,0
DA:88,1
LF:29
LH:12
BRDA:14,0,0,1
BRDA:14,0,1,1
BRDA:44,1,0,0
BRDA:44,1,1,0
BRF:4
BRH:2
end_of_record
